mymobkit/mymobkit/myMobKit/proguard-project.txt
# To enable ProGuard in your project, edit project.properties
# to define the proguard.config property as described in that file.
#
# Add project specific ProGuard rules here.
# By default, the flags in this file are appended to flags specified
# in ${sdk.dir}/tools/proguard/proguard-android.txt
# You can edit the include path and order by changing the ProGuard
# include property in project.properties.
#
# For more details, see
#   http://developer.android.com/guide/developing/tools/proguard.html

# Add any project specific keep options here:

# If your project uses WebView with JS, uncomment the following
# and specify the fully qualified class name to the JavaScript interface
# class:
#-keepclassmembers class fqcn.of.javascript.interface.for.webview {
#   public *;
#}

-dontwarn sun.reflect.**
-dontwarn com.sun.**
-dontwarn com.google.common.**
-dontwarn org.apache.**
-dontwarn java.**
-dontwarn android.net.**
-dontwarn com.squareup.okhttp.**
-dontwarn android.support.v4.**
-dontwarn com.google.android.gms.**
-dontwarn org.acra.**
#-dontwarn com.android.mms.transaction.*
-dontwarn org.codehaus.mojo.animal_sniffer.IgnoreJRERequirement
-dontwarn org.chromium.**

-keepattributes Signature

# Gson specific classes
-keep class sun.misc.Unsafe { *; }
-keep class com.mymobkit.** { *; }
-keep class sun.reflect.** { *; }
-keep class com.sun.** { *; }
-keep class com.google.common.** { *; }
-keep class com.google.gson.** { *; }
-keep class org.apache.** { *; }
-keep class java.** { *; }
-keep class group.pals.** { *; }
-keep class android.net.** { *; }
-keep class android.support.v7.widget.** { *; }
#keep class org.jivesoftware.** { *; }
#-keep class org.whispersystems.** { *; }

-keep class * extends java.util.ListResourceBundle {
    protected Object[][] getContents();
}

# Allow obfuscation of android.support.v7.internal.view.menu.**
# to avoid problem on Samsung 4.2.2 devices with appcompat v21
# see https://code.google.com/p/android/issues/detail?id=78377
#-keep class !android.support.v7.view.menu.**,android.support.** {*;}

-keep public class com.google.android.gms.common.internal.safeparcel.SafeParcelable {
    public static final *** NULL;
}

-keepnames @com.google.android.gms.common.annotation.KeepName class *
-keepclassmembernames class * {
    @com.google.android.gms.common.annotation.KeepName *;
}

-keepnames class * implements android.os.Parcelable {
    public static final ** CREATOR;
}

-assumenosideeffects class android.util.Log {
    public static *** d(...);
    public static *** e(...);
}

#ACRA specifics
# Restore some Source file names and restore approximate line numbers in the stack traces,
# otherwise the stack traces are pretty useless
-keepattributes SourceFile,LineNumberTable

# ACRA needs "annotations" so add this... 
# Note: This may already be defined in the default "proguard-android-optimize.txt"
# file in the SDK. If it is, then you don't need to duplicate it. See your
# "project.properties" file to get the path to the default "proguard-android-optimize.txt".
-keepattributes *Annotation*

# Keep all the ACRA classes
-keep class org.acra.** { *; }

-keepclassmembers class ** {
    @com.squareup.otto.Subscribe public *;
    @com.squareup.otto.Produce public *;
}