mymobkit/mymobkit/myMobKit/build/outputs/mapping/release/seeds.txt
com.mymobkit.BR
com.mymobkit.BR: int _all
com.mymobkit.BR: BR()
com.mymobkit.BuildConfig
com.mymobkit.BuildConfig: boolean DEBUG
com.mymobkit.BuildConfig: java.lang.String APPLICATION_ID
com.mymobkit.BuildConfig: java.lang.String BUILD_TYPE
com.mymobkit.BuildConfig: java.lang.String FLAVOR
com.mymobkit.BuildConfig: int VERSION_CODE
com.mymobkit.BuildConfig: java.lang.String VERSION_NAME
com.mymobkit.BuildConfig: BuildConfig()
com.mymobkit.Manifest
com.mymobkit.Manifest: Manifest()
com.mymobkit.Manifest$permission
com.mymobkit.Manifest$permission: java.lang.String C2D_MESSAGE
com.mymobkit.Manifest$permission: Manifest$permission()
com.mymobkit.R
com.mymobkit.R: R()
com.mymobkit.R$anim
com.mymobkit.R$anim: int abc_fade_in
com.mymobkit.R$anim: int abc_fade_out
com.mymobkit.R$anim: int abc_grow_fade_in_from_bottom
com.mymobkit.R$anim: int abc_popup_enter
com.mymobkit.R$anim: int abc_popup_exit
com.mymobkit.R$anim: int abc_shrink_fade_out_from_bottom
com.mymobkit.R$anim: int abc_slide_in_bottom
com.mymobkit.R$anim: int abc_slide_in_top
com.mymobkit.R$anim: int abc_slide_out_bottom
com.mymobkit.R$anim: int abc_slide_out_top
com.mymobkit.R$anim: int design_bottom_sheet_slide_in
com.mymobkit.R$anim: int design_bottom_sheet_slide_out
com.mymobkit.R$anim: int design_fab_in
com.mymobkit.R$anim: int design_fab_out
com.mymobkit.R$anim: int design_snackbar_in
com.mymobkit.R$anim: int design_snackbar_out
com.mymobkit.R$anim: int image_fade_in
com.mymobkit.R$anim: R$anim()
com.mymobkit.R$array
com.mymobkit.R$array: int camera_video_menu
com.mymobkit.R$array: int camera_video_service_menu
com.mymobkit.R$array: int control_panel_string_array
com.mymobkit.R$array: int pref_alarm_trigger_interval_titles
com.mymobkit.R$array: int pref_alarm_trigger_interval_values
com.mymobkit.R$array: int pref_audio_bitrate_titles
com.mymobkit.R$array: int pref_audio_bitrate_values
com.mymobkit.R$array: int pref_audio_encoder_titles
com.mymobkit.R$array: int pref_audio_encoder_values
com.mymobkit.R$array: int pref_audio_source_titles
com.mymobkit.R$array: int pref_audio_source_values
com.mymobkit.R$array: int pref_detection_titles
com.mymobkit.R$array: int pref_detection_values
com.mymobkit.R$array: int pref_face_detection_size_titles
com.mymobkit.R$array: int pref_face_detection_size_values
com.mymobkit.R$array: int pref_messaging_aging_titles
com.mymobkit.R$array: int pref_messaging_aging_values
com.mymobkit.R$array: int pref_motion_detection_algorithm_titles
com.mymobkit.R$array: int pref_motion_detection_algorithm_values
com.mymobkit.R$array: int pref_primary_address_family_titles
com.mymobkit.R$array: int pref_primary_address_family_values
com.mymobkit.R$array: int pref_video_bitrate_titles
com.mymobkit.R$array: int pref_video_bitrate_values
com.mymobkit.R$array: int pref_video_encoder_titles
com.mymobkit.R$array: int pref_video_encoder_values
com.mymobkit.R$array: int pref_video_format_titles
com.mymobkit.R$array: int pref_video_format_values
...
com.google.android.gms.drive.realtime.internal.event.ValuesRemovedDetails
com.google.android.gms.drive.realtime.internal.event.ValuesRemovedDetails: android.os.Parcelable$Creator CREATOR
com.google.android.gms.drive.realtime.internal.event.ValuesSetDetails
com.google.android.gms.drive.realtime.internal.event.ValuesSetDetails: android.os.Parcelable$Creator CREATOR
com.google.android.gms.gcm.GcmListenerService: java.lang.Object zzpp
com.google.android.gms.gcm.GcmListenerService: int zzaSJ
com.google.android.gms.gcm.GcmListenerService: int zzaSK
com.google.android.gms.gcm.GcmListenerService: GcmListenerService()
com.google.android.gms.gcm.GcmListenerService: void onMessageReceived(java.lang.String,android.os.Bundle)
com.google.android.gms.gcm.GcmListenerService: void onDeletedMessages()
com.google.android.gms.gcm.GcmListenerService: void onMessageSent(java.lang.String)
com.google.android.gms.gcm.GcmListenerService: void onSendError(java.lang.String,java.lang.String)
com.google.android.gms.gcm.GcmListenerService: int onStartCommand(android.content.Intent,int,int)
com.google.android.gms.gcm.GcmListenerService: android.os.IBinder onBind(android.content.Intent)
com.google.android.gms.gcm.GcmListenerService: void zzl(android.content.Intent)
com.google.android.gms.gcm.GcmListenerService: void zzm(android.content.Intent)
com.google.android.gms.gcm.GcmListenerService: void zzn(android.content.Intent)
com.google.android.gms.gcm.GcmListenerService: void zzo(android.content.Intent)
com.google.android.gms.gcm.GcmListenerService: void zzz(android.os.Bundle)
com.google.android.gms.gcm.GcmListenerService: void zzBL()
com.google.android.gms.gcm.GcmListenerService: boolean zzhE(int)
com.google.android.gms.gcm.GcmListenerService: void zza(com.google.android.gms.gcm.GcmListenerService,android.content.Intent)
com.google.android.gms.gcm.GcmReceiver
com.google.android.gms.gcm.GcmReceiver: GcmReceiver()
com.google.android.gms.gcm.OneoffTask
com.google.android.gms.gcm.OneoffTask: android.os.Parcelable$Creator CREATOR
com.google.android.gms.gcm.PendingCallback
com.google.android.gms.gcm.PendingCallback: android.os.Parcelable$Creator CREATOR
com.google.android.gms.gcm.PeriodicTask
com.google.android.gms.gcm.PeriodicTask: android.os.Parcelable$Creator CREATOR
com.google.android.gms.gcm.Task
com.google.android.gms.iid.InstanceIDListenerService: java.lang.String ACTION
com.google.android.gms.iid.InstanceIDListenerService: com.google.android.gms.iid.MessengerCompat zzaUg
com.google.android.gms.iid.InstanceIDListenerService: android.content.BroadcastReceiver zzaUh
com.google.android.gms.iid.InstanceIDListenerService: java.lang.String zzaUi
com.google.android.gms.iid.InstanceIDListenerService: java.lang.String zzaUj
com.google.android.gms.iid.InstanceIDListenerService: java.lang.String zzaSR
com.google.android.gms.iid.InstanceIDListenerService: int zzaUk
com.google.android.gms.iid.InstanceIDListenerService: int zzaUl
com.google.android.gms.iid.InstanceIDListenerService: InstanceIDListenerService()
com.google.android.gms.iid.InstanceIDListenerService: void zzn(android.content.Intent)
com.google.android.gms.iid.InstanceIDListenerService: void zza(android.content.Context,com.google.android.gms.iid.zzd)
com.google.android.gms.iid.InstanceIDListenerService: void zzaW(android.content.Context)
com.google.android.gms.iid.InstanceIDListenerService: void zza(android.os.Message,int)
com.google.android.gms.iid.InstanceIDListenerService: void onCreate()
com.google.android.gms.iid.InstanceIDListenerService: void onDestroy()
com.google.android.gms.iid.InstanceIDListenerService: android.os.IBinder onBind(android.content.Intent)
com.google.android.gms.iid.InstanceIDListenerService: void stop()
com.google.android.gms.iid.InstanceIDListenerService: void zzhN(int)
com.google.android.gms.iid.MessengerCompat
com.google.android.gms.iid.MessengerCompat: android.os.Parcelable$Creator CREATOR
com.google.android.gms.internal.zzad: com.google.android.gms.internal.zzad[] values()