mymobkit/mymobkit/myMobKit/build/outputs/mapping/release/mapping.txt
com.mymobkit.BR -> com.mymobkit.BR:
    int _all -> _all
    3:3:void <init>() -> <init>
com.mymobkit.BuildConfig -> com.mymobkit.BuildConfig:
    boolean DEBUG -> DEBUG
    java.lang.String APPLICATION_ID -> APPLICATION_ID
    java.lang.String BUILD_TYPE -> BUILD_TYPE
    java.lang.String FLAVOR -> FLAVOR
    int VERSION_CODE -> VERSION_CODE
    java.lang.String VERSION_NAME -> VERSION_NAME
    6:6:void <init>() -> <init>
com.mymobkit.Manifest -> com.mymobkit.Manifest:
    10:10:void <init>() -> <init>
com.mymobkit.Manifest$permission -> com.mymobkit.Manifest$permission:
    java.lang.String C2D_MESSAGE -> C2D_MESSAGE
    11:11:void <init>() -> <init>
com.mymobkit.R -> com.mymobkit.R:
    10:10:void <init>() -> <init>
com.mymobkit.R$anim -> com.mymobkit.R$anim:
    int abc_fade_in -> abc_fade_in
    int abc_fade_out -> abc_fade_out
    int abc_grow_fade_in_from_bottom -> abc_grow_fade_in_from_bottom
    int abc_popup_enter -> abc_popup_enter
    int abc_popup_exit -> abc_popup_exit
    int abc_shrink_fade_out_from_bottom -> abc_shrink_fade_out_from_bottom
    int abc_slide_in_bottom -> abc_slide_in_bottom
    int abc_slide_in_top -> abc_slide_in_top
    int abc_slide_out_bottom -> abc_slide_out_bottom
    int abc_slide_out_top -> abc_slide_out_top
    int design_bottom_sheet_slide_in -> design_bottom_sheet_slide_in
    int design_bottom_sheet_slide_out -> design_bottom_sheet_slide_out
    int design_fab_in -> design_fab_in
    int design_fab_out -> design_fab_out
    int design_snackbar_in -> design_snackbar_in
    int design_snackbar_out -> design_snackbar_out
    int image_fade_in -> image_fade_in
    11:11:void <init>() -> <init>
com.mymobkit.R$array -> com.mymobkit.R$array:
    int camera_video_menu -> camera_video_menu
    int camera_video_service_menu -> camera_video_service_menu
    int control_panel_string_array -> control_panel_string_array
    int pref_alarm_trigger_interval_titles -> pref_alarm_trigger_interval_titles
    int pref_alarm_trigger_interval_values -> pref_alarm_trigger_interval_values
    int pref_audio_bitrate_titles -> pref_audio_bitrate_titles
    int pref_audio_bitrate_values -> pref_audio_bitrate_values
    int pref_audio_encoder_titles -> pref_audio_encoder_titles
    int pref_audio_encoder_values -> pref_audio_encoder_values
    int pref_audio_source_titles -> pref_audio_source_titles
    int pref_audio_source_values -> pref_audio_source_values
    int pref_detection_titles -> pref_detection_titles
    int pref_detection_values -> pref_detection_values
    int pref_face_detection_size_titles -> pref_face_detection_size_titles
    int pref_face_detection_size_values -> pref_face_detection_size_values
    int pref_messaging_aging_titles -> pref_messaging_aging_titles
    int pref_messaging_aging_values -> pref_messaging_aging_values
    int pref_motion_detection_algorithm_titles -> pref_motion_detection_algorithm_titles
    int pref_motion_detection_algorithm_values -> pref_motion_detection_algorithm_values
    int pref_primary_address_family_titles -> pref_primary_address_family_titles
    int pref_primary_address_family_values -> pref_primary_address_family_values
...
javax.activation.ObjectDataContentHandler -> b.a.q:
    myjava.awt.datatransfer.DataFlavor[] transferFlavors -> a
    java.lang.Object obj -> b
    java.lang.String mimeType -> c
    javax.activation.DataContentHandler dch -> d
    829:842:void <init>(javax.activation.DataContentHandler,java.lang.Object,java.lang.String) -> <init>
    849:849:javax.activation.DataContentHandler getDCH() -> a
    888:888:java.lang.Object getContent(javax.activation.DataSource) -> getContent
    896:907:void writeTo(java.lang.Object,java.lang.String,java.io.OutputStream) -> writeTo
javax.activation.SecuritySupport -> b.a.r:
    58:59:java.lang.ClassLoader getContextClassLoader() -> a
    73:80:java.io.InputStream getResourceAsStream(java.lang.Class,java.lang.String) -> a
    85:86:java.net.URL[] getResources(java.lang.ClassLoader,java.lang.String) -> a
    109:110:java.net.URL[] getSystemResources(java.lang.String) -> a
    134:141:java.io.InputStream openStream(java.net.URL) -> a
javax.activation.SecuritySupport$1 -> b.a.s:
    1:59:void <init>() -> <init>
    61:65:java.lang.Object run() -> run
javax.activation.SecuritySupport$2 -> b.a.t:
    java.lang.Class val$c -> a
    java.lang.String val$name -> b
    1:74:void <init>(java.lang.Class,java.lang.String) -> <init>
    76:76:java.lang.Object run() -> run
javax.activation.SecuritySupport$3 -> b.a.u:
    java.lang.ClassLoader val$cl -> a
    java.lang.String val$name -> b
    1:86:void <init>(java.lang.ClassLoader,java.lang.String) -> <init>
    88:103:java.lang.Object run() -> run
javax.activation.SecuritySupport$4 -> b.a.v:
    java.lang.String val$name -> a
    1:110:void <init>(java.lang.String) -> <init>
    112:127:java.lang.Object run() -> run
javax.activation.SecuritySupport$5 -> b.a.w:
    java.net.URL val$url -> a
    1:135:void <init>(java.net.URL) -> <init>
    137:137:java.lang.Object run() -> run
javax.activation.UnsupportedDataTypeException -> b.a.x:
    58:59:void <init>() -> <init>
    68:69:void <init>(java.lang.String) -> <init>
javax.mail.Address -> b.b.a:
    long serialVersionUID -> serialVersionUID
    56:56:void <init>() -> <init>
    java.lang.String getType() -> getType
    java.lang.String toString() -> toString
    boolean equals(java.lang.Object) -> equals
javax.mail.AuthenticationFailedException -> b.b.b:
    59:60:void <init>() -> <init>
    67:68:void <init>(java.lang.String) -> <init>
javax.mail.Authenticator -> b.b.c:
    java.net.InetAddress requestingSite -> requestingSite
    int requestingPort -> requestingPort
    java.lang.String requestingProtocol -> requestingProtocol
    java.lang.String requestingPrompt -> requestingPrompt
    java.lang.String requestingUserName -> requestingUserName
    76:76:void <init>() -> <init>
    85:90:void reset() -> reset
    109:115:javax.mail.PasswordAuthentication requestPasswordAuthentication(java.net.InetAddress,int,java.lang.String,java.lang.String,java.lang.String) -> requestPasswordAuthentication
    123:123:java.net.InetAddress getRequestingSite() -> getRequestingSite
    130:130:int getRequestingPort() -> getRequestingPort
    142:142:java.lang.String getRequestingProtocol() -> getRequestingProtocol
    149:149:java.lang.String getRequestingPrompt() -> getRequestingPrompt
    156:156:java.lang.String getDefaultUserName() -> getDefaultUserName
    171:171:javax.mail.PasswordAuthentication getPasswordAuthentication() -> getPasswordAuthentication
javax.mail.BodyPart -> b.b.d:
    javax.mail.Multipart parent -> parent
    54:54:void <init>() -> <init>
    68:68:javax.mail.Multipart getParent() -> getParent
    80:81:void setParent(javax.mail.Multipart) -> setParent