mymobkit/mymobkit/myMobKit/build/outputs/mapping/release/usage.txt
cz.msebera.android.httpclient.impl.conn.HttpClientConnectionOperator
cz.msebera.android.httpclient.impl.conn.HttpConnPool
cz.msebera.android.httpclient.impl.conn.HttpConnPool$InternalConnFactory
cz.msebera.android.httpclient.impl.conn.IdleConnectionHandler:
    75:82:public void add(cz.msebera.android.httpclient.HttpConnection,long,java.util.concurrent.TimeUnit)
    93:98:public boolean remove(cz.msebera.android.httpclient.HttpConnection)
    117:138:public void closeIdleConnections(long)
    142:161:public void closeExpiredConnections()
cz.msebera.android.httpclient.impl.conn.IdleConnectionHandler$TimeValues
cz.msebera.android.httpclient.impl.conn.InMemoryDnsResolver
cz.msebera.android.httpclient.impl.conn.LoggingInputStream
cz.msebera.android.httpclient.impl.conn.LoggingManagedHttpClientConnection
cz.msebera.android.httpclient.impl.conn.LoggingOutputStream
cz.msebera.android.httpclient.impl.conn.LoggingSessionInputBuffer:
    75:76:public LoggingSessionInputBuffer(cz.msebera.android.httpclient.io.SessionInputBuffer,cz.msebera.android.httpclient.impl.conn.Wire)
    99:103:public int read(byte[])
    107:112:public java.lang.String readLine()
cz.msebera.android.httpclient.impl.conn.LoggingSessionOutputBuffer:
    69:70:public LoggingSessionOutputBuffer(cz.msebera.android.httpclient.io.SessionOutputBuffer,cz.msebera.android.httpclient.impl.conn.Wire)
    87:91:public void write(byte[])
cz.msebera.android.httpclient.impl.conn.ManagedClientConnectionImpl:
    87:87:public java.lang.String getId()
    170:171:public int getSocketTimeout()
    175:176:public cz.msebera.android.httpclient.HttpConnectionMetrics getMetrics()
    213:214:public java.net.InetAddress getLocalAddress()
    218:219:public int getLocalPort()
    233:234:public boolean isSecure()
    238:238:public void bind(java.net.Socket)
    242:243:public java.net.Socket getSocket()
    257:261:public java.lang.Object getAttribute(java.lang.String)
    266:270:public java.lang.Object removeAttribute(java.lang.String)
    275:279:public void setAttribute(java.lang.String,java.lang.Object)
    406:407:public java.lang.Object getState()
cz.msebera.android.httpclient.impl.conn.ManagedHttpClientConnectionFactory
cz.msebera.android.httpclient.impl.conn.PoolingClientConnectionManager
cz.msebera.android.httpclient.impl.conn.PoolingClientConnectionManager$1
cz.msebera.android.httpclient.impl.conn.PoolingHttpClientConnectionManager
cz.msebera.android.httpclient.impl.conn.PoolingHttpClientConnectionManager$1
cz.msebera.android.httpclient.impl.conn.PoolingHttpClientConnectionManager$ConfigData
cz.msebera.android.httpclient.impl.conn.PoolingHttpClientConnectionManager$InternalConnectionFactory
cz.msebera.android.httpclient.impl.conn.ProxySelectorRoutePlanner
cz.msebera.android.httpclient.impl.conn.ProxySelectorRoutePlanner$1
cz.msebera.android.httpclient.impl.conn.SchemeRegistryFactory:
    42:42:public SchemeRegistryFactory()
    82:87:public static cz.msebera.android.httpclient.conn.scheme.SchemeRegistry createSystemDefault()
cz.msebera.android.httpclient.impl.conn.SingleClientConnManager
cz.msebera.android.httpclient.impl.conn.SingleClientConnManager$1
cz.msebera.android.httpclient.impl.conn.SingleClientConnManager$ConnAdapter
cz.msebera.android.httpclient.impl.conn.SingleClientConnManager$PoolEntry
cz.msebera.android.httpclient.impl.conn.SystemDefaultRoutePlanner
cz.msebera.android.httpclient.impl.conn.SystemDefaultRoutePlanner$1
cz.msebera.android.httpclient.impl.conn.Wire:
    97:99:public void output(java.io.InputStream)
    103:105:public void input(java.io.InputStream)
    143:145:public void output(java.lang.String)
    149:151:public void input(java.lang.String)